INFO:__main__:Created Employe jp pal- jp.pal@email.com
INFO:Created Employe jp pal- jp.pal@email.com
INFO:__main__:Created Employe ak kat- ak.kat@email.com
INFO:Created Employe ak kat- ak.kat@email.com
INFO:__main__:Created Employe sk nat- sk.nat@email.com
INFO:Created Employe sk nat- sk.nat@email.com
INFO:employee_log:Created Employe jp pal- jp.pal@email.com
INFO:Created Employe jp pal- jp.pal@email.com
INFO:employee_log:Created Employe ak kat- ak.kat@email.com
INFO:Created Employe ak kat- ak.kat@email.com
INFO:employee_log:Created Employe sk nat- sk.nat@email.com
INFO:Created Employe sk nat- sk.nat@email.com
INFO:Add: 12 + 11= 23
INFO:Subtracr: 12 - 11= 1
INFO:Multiply: 12 * 11= 132
INFO:divide: 12 / 11= 1.0909090909090908
INFO:employee_log:Created Employe jp pal- jp.pal@email.com
INFO:Created Employe jp pal- jp.pal@email.com
INFO:employee_log:Created Employe ak kat- ak.kat@email.com
INFO:Created Employe ak kat- ak.kat@email.com
INFO:employee_log:Created Employe sk nat- sk.nat@email.com
INFO:Created Employe sk nat- sk.nat@email.com
INFO:Add: 12 + 11= 23
INFO:Subtracr: 12 - 11= 1
INFO:Multiply: 12 * 11= 132
INFO:divide: 12 / 11= 1.0909090909090908
INFO:employee_log:Created Employe jp pal- jp.pal@email.com
INFO:Created Employe jp pal- jp.pal@email.com
INFO:employee_log:Created Employe ak kat- ak.kat@email.com
INFO:Created Employe ak kat- ak.kat@email.com
INFO:employee_log:Created Employe sk nat- sk.nat@email.com
INFO:Created Employe sk nat- sk.nat@email.com
INFO:Add: 12 + 11= 23
INFO:Subtract: 12 - 11= 1
INFO:Multiply: 12 * 11= 132
INFO:divide: 12 / 11= 1.0909090909090908
INFO:employee_log:Created Employe jp pal- jp.pal@email.com
INFO:Created Employe jp pal- jp.pal@email.com
INFO:employee_log:Created Employe ak kat- ak.kat@email.com
INFO:Created Employe ak kat- ak.kat@email.com
INFO:employee_log:Created Employe sk nat- sk.nat@email.com
INFO:Created Employe sk nat- sk.nat@email.com
INFO:Add: 12 + 11= 23
INFO:Subtract: 12 - 11= 1
INFO:Multiply: 12 * 11= 132
INFO:divide: 12 / 11= 1.0909090909090908
